PLINK v1.90b7.2 64-bit (11 Dec 2023)
Options in effect:
  --file CROsheep_FinalReport_afterQC
  --nonfounders
  --out Recoded_for_VanRadenGRM
  --output-missing-genotype 0
  --recode 12
  --sheep

Hostname: MARIO
Working directory: C:\Users\mario\Desktop\Shihabi_Genomic_Inbreeding_Estimation\1_Practical workflow\Directory
Start time: Tue Jul 08 21:06:57 2025

Random number seed: 1752001617
16077 MB RAM detected; reserving 8038 MB for main workspace.
Scanning .ped file... done.
Performing single-pass .bed write (424120 variants, 40 sheep).
--file: Recoded_for_VanRadenGRM-temporary.bed +
Recoded_for_VanRadenGRM-temporary.bim + Recoded_for_VanRadenGRM-temporary.fam
written.
424120 variants loaded from .bim file.
40 sheep (0 males, 0 females, 40 ambiguous) loaded from .fam.
Ambiguous sex IDs written to Recoded_for_VanRadenGRM.nosex .
Using 1 thread (no multithreaded calculations invoked).
Before main variant filters, 40 founders and 0 nonfounders present.
Calculating allele frequencies... done.
Total genotyping rate is 0.996204.
424120 variants and 40 sheep pass filters and QC.
Note: No phenotypes present.
--recode ped to Recoded_for_VanRadenGRM.ped + Recoded_for_VanRadenGRM.map ...
done.

End time: Tue Jul 08 21:06:59 2025
