PLINK v1.90b7.2 64-bit (11 Dec 2023)
Options in effect:
  --dog
  --file LabradorRetriever_FinalReport_afterQC
  --nonfounders
  --out Recoded_for_VanRadenGRM
  --output-missing-genotype 0
  --recode 12

Hostname: MARIO
Working directory: C:\Users\mario\Desktop\Shihabi_Genomic_Inbreeding_Estimation\2_Practical exercises\Example1\Directory
Start time: Tue Jul 08 22:04:33 2025

Random number seed: 1752005073
16077 MB RAM detected; reserving 8038 MB for main workspace.
Scanning .ped file... done.
Performing single-pass .bed write (114123 variants, 50 dogs).
--file: Recoded_for_VanRadenGRM-temporary.bed +
Recoded_for_VanRadenGRM-temporary.bim + Recoded_for_VanRadenGRM-temporary.fam
written.
114123 variants loaded from .bim file.
50 dogs (0 males, 0 females, 50 ambiguous) loaded from .fam.
Ambiguous sex IDs written to Recoded_for_VanRadenGRM.nosex .
Using 1 thread (no multithreaded calculations invoked).
Before main variant filters, 50 founders and 0 nonfounders present.
Calculating allele frequencies... done.
Total genotyping rate is 0.997495.
114123 variants and 50 dogs pass filters and QC.
Note: No phenotypes present.
--recode ped to Recoded_for_VanRadenGRM.ped + Recoded_for_VanRadenGRM.map ...
done.

End time: Tue Jul 08 22:04:33 2025
